Using pre-set license
Built from '2020.3/release' branch; Version is '2020.3.31f1 (6b54b7616050) revision 7034039'; Using compiler version '192528614'; Build Type 'Release'
OS: 'Windows 10  (10.0.19042) 64bit Professional' Language: 'pt' Physical Memory: 16331 MB
BatchMode: 1, IsHumanControllingUs: 0, StartBugReporterOnCrash: 0, Is64bit: 1, IsPro: 0

COMMAND LINE ARGUMENTS:
C:\Program Files\Unity\Hub\Editor\2020.3.31f1\Editor\Unity.exe
-adb2
-batchMode
-noUpm
-name
AssetImportWorker0
-projectPath
C:/Users/Abrahao Ferreira/Desktop/Github/Zeldoom/Zeldoom
-logFile
Logs/AssetImportWorker0.log
-srvPort
59334
Successfully changed project path to: C:/Users/Abrahao Ferreira/Desktop/Github/Zeldoom/Zeldoom
C:/Users/Abrahao Ferreira/Desktop/Github/Zeldoom/Zeldoom
Using Asset Import Pipeline V2.
Refreshing native plugins compatible for Editor in 121.96 ms, found 3 plugins.
Preloading 0 native plugins for Editor in 0.00 ms.
Initialize engine version: 2020.3.31f1 (6b54b7616050)
[Subsystems] Discovering subsystems at path C:/Program Files/Unity/Hub/Editor/2020.3.31f1/Editor/Data/Resources/UnitySubsystems
[Subsystems] Discovering subsystems at path C:/Users/Abrahao Ferreira/Desktop/Github/Zeldoom/Zeldoom/Assets
GfxDevice: creating device client; threaded=0
Direct3D:
    Version:  Direct3D 11.0 [level 11.1]
    Renderer: NVIDIA GeForce GTX 1050 Ti (ID=0x1c82)
    Vendor:   
    VRAM:     4018 MB
    Driver:   30.0.14.9709
Initialize mono
Mono path[0] = 'C:/Program Files/Unity/Hub/Editor/2020.3.31f1/Editor/Data/Managed'
Mono path[1] = 'C:/Program Files/Unity/Hub/Editor/2020.3.31f1/Editor/Data/MonoBleedingEdge/lib/mono/unityjit'
Mono config path = 'C:/Program Files/Unity/Hub/Editor/2020.3.31f1/Editor/Data/MonoBleedingEdge/etc'
Using monoOptions --debugger-agent=transport=dt_socket,embedding=1,server=y,suspend=n,address=127.0.0.1:56272
Begin MonoManager ReloadAssembly
Registering precompiled unity dll's ...
Register platform support module: C:/Program Files/Unity/Hub/Editor/2020.3.31f1/Editor/Data/PlaybackEngines/WebGLSupport/UnityEditor.WebGL.Extensions.dll
Register platform support module: C:/Program Files/Unity/Hub/Editor/2020.3.31f1/Editor/Data/PlaybackEngines/WindowsStandaloneSupport/UnityEditor.WindowsStandalone.Extensions.dll
Register platform support module: C:/Program Files/Unity/Hub/Editor/2020.3.31f1/Editor/Data/PlaybackEngines/LinuxStandaloneSupport/UnityEditor.LinuxStandalone.Extensions.dll
Registered in 0.007035 seconds.
Native extension for LinuxStandalone target not found
Native extension for WindowsStandalone target not found
Native extension for WebGL target not found
Refreshing native plugins compatible for Editor in 98.07 ms, found 3 plugins.
Preloading 0 native plugins for Editor in 0.00 ms.
Mono: successfully reloaded assembly
- Completed reload, in  1.182 seconds
Domain Reload Profiling:
	ReloadAssembly (1182ms)
		BeginReloadAssembly (131ms)
			ExecutionOrderSort (0ms)
			DisableScriptedObjects (0ms)
			BackupInstance (0ms)
			ReleaseScriptingObjects (0ms)
			CreateAndSetChildDomain (1ms)
		EndReloadAssembly (887ms)
			LoadAssemblies (128ms)
			RebuildTransferFunctionScriptingTraits (0ms)
			SetupTypeCache (314ms)
			ReleaseScriptCaches (0ms)
			RebuildScriptCaches (56ms)
			SetupLoadedEditorAssemblies (314ms)
				LogAssemblyErrors (0ms)
				InitializePlatformSupportModulesInManaged (9ms)
				SetLoadedEditorAssemblies (0ms)
				RefreshPlugins (98ms)
				BeforeProcessingInitializeOnLoad (13ms)
				ProcessInitializeOnLoadAttributes (142ms)
				ProcessInitializeOnLoadMethodAttributes (51ms)
				AfterProcessingInitializeOnLoad (0ms)
				EditorAssembliesLoaded (0ms)
			ExecutionOrderSort2 (0ms)
			AwakeInstancesAfterBackupRestoration (0ms)
Platform modules already initialized, skipping
Registering precompiled user dll's ...
Registered in 0.006627 seconds.
Begin MonoManager ReloadAssembly
Native extension for LinuxStandalone target not found
Native extension for WindowsStandalone target not found
Native extension for WebGL target not found
Refreshing native plugins compatible for Editor in 102.20 ms, found 3 plugins.
Preloading 0 native plugins for Editor in 0.00 ms.
Mono: successfully reloaded assembly
- Completed reload, in  2.128 seconds
Domain Reload Profiling:
	ReloadAssembly (2129ms)
		BeginReloadAssembly (295ms)
			ExecutionOrderSort (0ms)
			DisableScriptedObjects (9ms)
			BackupInstance (0ms)
			ReleaseScriptingObjects (0ms)
			CreateAndSetChildDomain (35ms)
		EndReloadAssembly (1700ms)
			LoadAssemblies (188ms)
			RebuildTransferFunctionScriptingTraits (0ms)
			SetupTypeCache (571ms)
			ReleaseScriptCaches (1ms)
			RebuildScriptCaches (119ms)
			SetupLoadedEditorAssemblies (609ms)
				LogAssemblyErrors (0ms)
				InitializePlatformSupportModulesInManaged (8ms)
				SetLoadedEditorAssemblies (0ms)
				RefreshPlugins (102ms)
				BeforeProcessingInitializeOnLoad (129ms)
				ProcessInitializeOnLoadAttributes (323ms)
				ProcessInitializeOnLoadMethodAttributes (30ms)
				AfterProcessingInitializeOnLoad (16ms)
				EditorAssembliesLoaded (0ms)
			ExecutionOrderSort2 (0ms)
			AwakeInstancesAfterBackupRestoration (12ms)
Platform modules already initialized, skipping
========================================================================
Worker process is ready to serve import requests
Launched and connected shader compiler UnityShaderCompiler.exe after 0.11 seconds
Refreshing native plugins compatible for Editor in 0.95 ms, found 3 plugins.
Preloading 0 native plugins for Editor in 0.00 ms.
Unloading 2208 Unused Serialized files (Serialized files now loaded: 0)
System memory in use before: 97.4 MB.
System memory in use after: 97.3 MB.

Unloading 31 unused Assets to reduce memory usage. Loaded Objects now: 2639.
Total: 4.649700 ms (FindLiveObjects: 0.356200 ms CreateObjectMapping: 0.123200 ms MarkObjects: 3.939200 ms  DeleteObjects: 0.229700 ms)

AssetImportParameters requested are different than current active one (requested -> active):
  custom:framework-win-MediaFoundation: 216162199b28c13a410421893ffa2e32 -> 
  custom:video-decoder-ogg-theora: a1e56fd34408186e4bbccfd4996cb3dc -> 
  custom:container-muxer-webm: aa71ff27fc2769a1b78a27578f13a17b -> 
  custom:container-demuxer-webm: 4f35f7cbe854078d1ac9338744f61a02 -> 
  custom:container-demuxer-ogg: 62fdf1f143b41e24485cea50d1cbac27 -> 
  custom:video-encoder-webm-vp8: eb34c28f22e8b96e1ab97ce403110664 -> 
  custom:video-decoder-webm-vp8: 9c59270c3fd7afecdb556c50c9e8de78 -> 
  custom:audio-decoder-ogg-vorbis: bf7c407c2cedff20999df2af8eb42d56 -> 
  custom:audio-encoder-webm-vorbis: bf7c407c2cedff20999df2af8eb42d56 -> 
========================================================================
Received Import Request.
  path: Assets/Sprites/DOOM/dungeon_tiles_254.asset
  artifactKey: Guid(398f83d161facd14780c4b31c8ad6f08) Importer(815301076,1909f56bfc062723c751e8b465ee728b)
Start importing Assets/Sprites/DOOM/dungeon_tiles_254.asset using Guid(398f83d161facd14780c4b31c8ad6f08) Importer(815301076,1909f56bfc062723c751e8b465ee728b)  -> (artifact id: 'd6be9d85c1ecca5cccb439f18f4309d1') in 0.156162 seconds 
========================================================================
Received Import Request.
  Time since last request: 0.000342 seconds.
  path: Assets/Sprites/DOOM/dungeon_tiles_226.asset
  artifactKey: Guid(c0dd28e1505059343a2265387f5058c5) Importer(815301076,1909f56bfc062723c751e8b465ee728b)
Start importing Assets/Sprites/DOOM/dungeon_tiles_226.asset using Guid(c0dd28e1505059343a2265387f5058c5) Importer(815301076,1909f56bfc062723c751e8b465ee728b)  -> (artifact id: '07db6db8fb1108bac422fc9504b6fec2') in 0.021331 seconds 
========================================================================
Received Import Request.
  Time since last request: 0.000234 seconds.
  path: Assets/Sprites/DOOM/dungeon_tiles_242.asset
  artifactKey: Guid(a323109d3fbed3f4a82479b475c3fd87) Importer(815301076,1909f56bfc062723c751e8b465ee728b)
Start importing Assets/Sprites/DOOM/dungeon_tiles_242.asset using Guid(a323109d3fbed3f4a82479b475c3fd87) Importer(815301076,1909f56bfc062723c751e8b465ee728b)  -> (artifact id: 'a3db2aa1ac0ab48ecdff466f04961c57') in 0.017669 seconds 
========================================================================
Received Import Request.
  Time since last request: 0.000239 seconds.
  path: Assets/Sprites/DOOM/dungeon_tiles_255.asset
  artifactKey: Guid(390a6ef4d64c9a7428eaf5cd9d6df790) Importer(815301076,1909f56bfc062723c751e8b465ee728b)
Start importing Assets/Sprites/DOOM/dungeon_tiles_255.asset using Guid(390a6ef4d64c9a7428eaf5cd9d6df790) Importer(815301076,1909f56bfc062723c751e8b465ee728b)  -> (artifact id: '46227bf5cec2d5d589174c4531fd0ac0') in 0.015023 seconds 
========================================================================
Received Import Request.
  Time since last request: 0.000260 seconds.
  path: Assets/Sprites/DOOM/dungeon_tiles_244.asset
  artifactKey: Guid(4f16abe4aa765be4ca1cfe893b08fd23) Importer(815301076,1909f56bfc062723c751e8b465ee728b)
Start importing Assets/Sprites/DOOM/dungeon_tiles_244.asset using Guid(4f16abe4aa765be4ca1cfe893b08fd23) Importer(815301076,1909f56bfc062723c751e8b465ee728b)  -> (artifact id: 'dc2b1febafa91a8b8b33e1c44aa4140f') in 0.015015 seconds 
========================================================================
Received Import Request.
  Time since last request: 0.000285 seconds.
  path: Assets/Sprites/DOOM/dungeon_tiles_238.asset
  artifactKey: Guid(266502e205f936b44acb522a455bfc11) Importer(815301076,1909f56bfc062723c751e8b465ee728b)
Start importing Assets/Sprites/DOOM/dungeon_tiles_238.asset using Guid(266502e205f936b44acb522a455bfc11) Importer(815301076,1909f56bfc062723c751e8b465ee728b)  -> (artifact id: 'c46698745404cfc3a5cd49ece892accc') in 0.016077 seconds 
========================================================================
Received Import Request.
  Time since last request: 0.000275 seconds.
  path: Assets/Sprites/DOOM/dungeon_tiles_263.asset
  artifactKey: Guid(6d5d41d1b41eb2141ab30b180f348965) Importer(815301076,1909f56bfc062723c751e8b465ee728b)
Start importing Assets/Sprites/DOOM/dungeon_tiles_263.asset using Guid(6d5d41d1b41eb2141ab30b180f348965) Importer(815301076,1909f56bfc062723c751e8b465ee728b)  -> (artifact id: '29ef00d1b7a424b04654960d8537565f') in 0.015659 seconds 
========================================================================
Received Import Request.
  Time since last request: 0.000323 seconds.
  path: Assets/Sprites/DOOM/dungeon_tiles_234.asset
  artifactKey: Guid(7d94d96bcacceea46bc56a371b5ffb45) Importer(815301076,1909f56bfc062723c751e8b465ee728b)
Start importing Assets/Sprites/DOOM/dungeon_tiles_234.asset using Guid(7d94d96bcacceea46bc56a371b5ffb45) Importer(815301076,1909f56bfc062723c751e8b465ee728b)  -> (artifact id: '1edaadc191f41ea79fc6d81085b3b0fd') in 0.015945 seconds 
========================================================================
Received Import Request.
  Time since last request: 0.000320 seconds.
  path: Assets/Sprites/DOOM/dungeon_tiles_257.asset
  artifactKey: Guid(a094e1e52642a4044aeb5c9e2c1213b7) Importer(815301076,1909f56bfc062723c751e8b465ee728b)
Start importing Assets/Sprites/DOOM/dungeon_tiles_257.asset using Guid(a094e1e52642a4044aeb5c9e2c1213b7) Importer(815301076,1909f56bfc062723c751e8b465ee728b)  -> (artifact id: '38f9e82b7c90b8f0ffcaeebd30f382f6') in 0.018766 seconds 
========================================================================
Received Import Request.
  Time since last request: 0.000337 seconds.
  path: Assets/Sprites/DOOM/dungeon_tiles_235.asset
  artifactKey: Guid(beda09ed2228482459ef3a0cb4698fde) Importer(815301076,1909f56bfc062723c751e8b465ee728b)
Start importing Assets/Sprites/DOOM/dungeon_tiles_235.asset using Guid(beda09ed2228482459ef3a0cb4698fde) Importer(815301076,1909f56bfc062723c751e8b465ee728b)  -> (artifact id: '67661d563088b9e986149ebc0ce2c784') in 0.015574 seconds 
========================================================================
Received Import Request.
  Time since last request: 0.000293 seconds.
  path: Assets/Sprites/DOOM/dungeon_tiles_236.asset
  artifactKey: Guid(785069f4a5acb1f4d9fb5b4e6bd7f9f4) Importer(815301076,1909f56bfc062723c751e8b465ee728b)
Start importing Assets/Sprites/DOOM/dungeon_tiles_236.asset using Guid(785069f4a5acb1f4d9fb5b4e6bd7f9f4) Importer(815301076,1909f56bfc062723c751e8b465ee728b)  -> (artifact id: '3107314d12ae6bc18b3827d0281c82ed') in 0.016082 seconds 
========================================================================
Received Import Request.
  Time since last request: 0.000246 seconds.
  path: Assets/Sprites/DOOM/dungeon_tiles_262.asset
  artifactKey: Guid(459da6a0323c7c84e924788b5e772d76) Importer(815301076,1909f56bfc062723c751e8b465ee728b)
Start importing Assets/Sprites/DOOM/dungeon_tiles_262.asset using Guid(459da6a0323c7c84e924788b5e772d76) Importer(815301076,1909f56bfc062723c751e8b465ee728b)  -> (artifact id: '4e1dcc4683701de1143267ae64e5520c') in 0.015316 seconds 
========================================================================
Received Import Request.
  Time since last request: 0.000266 seconds.
  path: Assets/Sprites/DOOM/dungeon_tiles_252.asset
  artifactKey: Guid(2464fa3aab6043447aa87e31a7e10c58) Importer(815301076,1909f56bfc062723c751e8b465ee728b)
Start importing Assets/Sprites/DOOM/dungeon_tiles_252.asset using Guid(2464fa3aab6043447aa87e31a7e10c58) Importer(815301076,1909f56bfc062723c751e8b465ee728b)  -> (artifact id: '52798eec690f475b22ceed1adb418f81') in 0.015663 seconds 
========================================================================
Received Import Request.
  Time since last request: 0.000288 seconds.
  path: Assets/Sprites/DOOM/dungeon_tiles_224.asset
  artifactKey: Guid(5abdd8c6c90e06b4cba8a618c3180873) Importer(815301076,1909f56bfc062723c751e8b465ee728b)
Start importing Assets/Sprites/DOOM/dungeon_tiles_224.asset using Guid(5abdd8c6c90e06b4cba8a618c3180873) Importer(815301076,1909f56bfc062723c751e8b465ee728b)  -> (artifact id: '7b83f24b45372e070fa7a0fce138b9de') in 0.016121 seconds 
========================================================================
Received Import Request.
  Time since last request: 0.000235 seconds.
  path: Assets/Sprites/DOOM/dungeon_tiles_253.asset
  artifactKey: Guid(a3ec2a885ed874e44bb0248eacf9fb72) Importer(815301076,1909f56bfc062723c751e8b465ee728b)
Start importing Assets/Sprites/DOOM/dungeon_tiles_253.asset using Guid(a3ec2a885ed874e44bb0248eacf9fb72) Importer(815301076,1909f56bfc062723c751e8b465ee728b)  -> (artifact id: '5170d0430b19b627153139ec1fcbc65e') in 0.016456 seconds 
========================================================================
Received Import Request.
  Time since last request: 0.000292 seconds.
  path: Assets/Sprites/DOOM/dungeon_tiles_228.asset
  artifactKey: Guid(f21bc2f24a32de64385536f2fd7bde0e) Importer(815301076,1909f56bfc062723c751e8b465ee728b)
Start importing Assets/Sprites/DOOM/dungeon_tiles_228.asset using Guid(f21bc2f24a32de64385536f2fd7bde0e) Importer(815301076,1909f56bfc062723c751e8b465ee728b)  -> (artifact id: '991b763f7f1c1fc89bf80f95ef038e1e') in 0.015319 seconds 
========================================================================
Received Import Request.
  Time since last request: 0.000256 seconds.
  path: Assets/Sprites/DOOM/dungeon_tiles_232.asset
  artifactKey: Guid(e65c150aa3c5b374a8b324fce05514d9) Importer(815301076,1909f56bfc062723c751e8b465ee728b)
Start importing Assets/Sprites/DOOM/dungeon_tiles_232.asset using Guid(e65c150aa3c5b374a8b324fce05514d9) Importer(815301076,1909f56bfc062723c751e8b465ee728b)  -> (artifact id: '57ac13e89f596b9308127bc839100799') in 0.015889 seconds 
========================================================================
Received Import Request.
  Time since last request: 0.000264 seconds.
  path: Assets/Sprites/DOOM/dungeon_tiles_259.asset
  artifactKey: Guid(74464c304593ed24d92878cdec600d27) Importer(815301076,1909f56bfc062723c751e8b465ee728b)
Start importing Assets/Sprites/DOOM/dungeon_tiles_259.asset using Guid(74464c304593ed24d92878cdec600d27) Importer(815301076,1909f56bfc062723c751e8b465ee728b)  -> (artifact id: 'eb8c8598be47075baa005e5bb1fa5d2a') in 0.020456 seconds 
========================================================================
Received Import Request.
  Time since last request: 0.000316 seconds.
  path: Assets/Sprites/DOOM/dungeon_tiles_258.asset
  artifactKey: Guid(3d2a78cbfbd3f384880fb70bf85e68f6) Importer(815301076,1909f56bfc062723c751e8b465ee728b)
Start importing Assets/Sprites/DOOM/dungeon_tiles_258.asset using Guid(3d2a78cbfbd3f384880fb70bf85e68f6) Importer(815301076,1909f56bfc062723c751e8b465ee728b)  -> (artifact id: 'bb2576da9887eb9c32b524eee4f018f8') in 0.016336 seconds 
========================================================================
Received Import Request.
  Time since last request: 0.000300 seconds.
  path: Assets/Sprites/DOOM/dungeon_tiles_260.asset
  artifactKey: Guid(da9f35f74d144bb488a1c698bc17b68e) Importer(815301076,1909f56bfc062723c751e8b465ee728b)
Start importing Assets/Sprites/DOOM/dungeon_tiles_260.asset using Guid(da9f35f74d144bb488a1c698bc17b68e) Importer(815301076,1909f56bfc062723c751e8b465ee728b)  -> (artifact id: '4b6f142719fcca9c8b02d03e5aa5aab5') in 0.016933 seconds 
========================================================================
Received Import Request.
  Time since last request: 0.000330 seconds.
  path: Assets/Sprites/DOOM/dungeon_tiles_219.asset
  artifactKey: Guid(ec675bfbfd9d9e041b6ebbff7a3ffb2e) Importer(815301076,1909f56bfc062723c751e8b465ee728b)
Start importing Assets/Sprites/DOOM/dungeon_tiles_219.asset using Guid(ec675bfbfd9d9e041b6ebbff7a3ffb2e) Importer(815301076,1909f56bfc062723c751e8b465ee728b)  -> (artifact id: '5d201914738e5b0806b03faf87d54e64') in 0.016979 seconds 
========================================================================
Received Import Request.
  Time since last request: 0.000242 seconds.
  path: Assets/Sprites/DOOM/dungeon_tiles_220.asset
  artifactKey: Guid(6210948f6c9a412489f540241d789279) Importer(815301076,1909f56bfc062723c751e8b465ee728b)
Start importing Assets/Sprites/DOOM/dungeon_tiles_220.asset using Guid(6210948f6c9a412489f540241d789279) Importer(815301076,1909f56bfc062723c751e8b465ee728b)  -> (artifact id: '2636e3151adfff8f76b4a3e49ab58250') in 0.015090 seconds 
========================================================================
Received Import Request.
  Time since last request: 0.000312 seconds.
  path: Assets/Sprites/DOOM/dungeon_tiles_247.asset
  artifactKey: Guid(d796e280269f3054cb12adb2b0d670b5) Importer(815301076,1909f56bfc062723c751e8b465ee728b)
Start importing Assets/Sprites/DOOM/dungeon_tiles_247.asset using Guid(d796e280269f3054cb12adb2b0d670b5) Importer(815301076,1909f56bfc062723c751e8b465ee728b)  -> (artifact id: 'd5bd717e1896c53d0a8ae78bde5b37a4') in 0.015333 seconds 
========================================================================
Received Import Request.
  Time since last request: 0.000321 seconds.
  path: Assets/Sprites/DOOM/dungeon_tiles_231.asset
  artifactKey: Guid(f94bf03ea7e374e4fb05d06a7e0fabf7) Importer(815301076,1909f56bfc062723c751e8b465ee728b)
Start importing Assets/Sprites/DOOM/dungeon_tiles_231.asset using Guid(f94bf03ea7e374e4fb05d06a7e0fabf7) Importer(815301076,1909f56bfc062723c751e8b465ee728b)  -> (artifact id: 'd9cf4c4b84270ff10c34f21c92321898') in 0.015933 seconds 
========================================================================
Received Import Request.
  Time since last request: 0.000238 seconds.
  path: Assets/Sprites/DOOM/dungeon_tiles_225.asset
  artifactKey: Guid(e602ea9b56af34c4dbbc6c3c446ec1d9) Importer(815301076,1909f56bfc062723c751e8b465ee728b)
Start importing Assets/Sprites/DOOM/dungeon_tiles_225.asset using Guid(e602ea9b56af34c4dbbc6c3c446ec1d9) Importer(815301076,1909f56bfc062723c751e8b465ee728b)  -> (artifact id: '54553a5427fa45a721719bde8f56ceb1') in 0.015775 seconds 
========================================================================
Received Import Request.
  Time since last request: 0.000249 seconds.
  path: Assets/Sprites/DOOM/dungeon_tiles_250.asset
  artifactKey: Guid(b423ef578a0c94a48bc57746671d95d0) Importer(815301076,1909f56bfc062723c751e8b465ee728b)
Start importing Assets/Sprites/DOOM/dungeon_tiles_250.asset using Guid(b423ef578a0c94a48bc57746671d95d0) Importer(815301076,1909f56bfc062723c751e8b465ee728b)  -> (artifact id: '6150a42afbd6496a9566f100fd8dff16') in 0.014532 seconds 
========================================================================
Received Import Request.
  Time since last request: 0.000293 seconds.
  path: Assets/Sprites/DOOM/dungeon_tiles_227.asset
  artifactKey: Guid(ee79474530a3374419165b15494bc98f) Importer(815301076,1909f56bfc062723c751e8b465ee728b)
Start importing Assets/Sprites/DOOM/dungeon_tiles_227.asset using Guid(ee79474530a3374419165b15494bc98f) Importer(815301076,1909f56bfc062723c751e8b465ee728b)  -> (artifact id: '3ab9ec36d27cc28512d35c981561c7aa') in 0.021070 seconds 
========================================================================
Received Import Request.
  Time since last request: 0.000324 seconds.
  path: Assets/Sprites/DOOM/dungeon_tiles_243.asset
  artifactKey: Guid(8b3fd688d52584a4cb91bf78c36c6364) Importer(815301076,1909f56bfc062723c751e8b465ee728b)
Start importing Assets/Sprites/DOOM/dungeon_tiles_243.asset using Guid(8b3fd688d52584a4cb91bf78c36c6364) Importer(815301076,1909f56bfc062723c751e8b465ee728b)  -> (artifact id: 'df0f789a4a2d345c849bf50101e4644b') in 0.017471 seconds 
========================================================================
Received Import Request.
  Time since last request: 0.000234 seconds.
  path: Assets/Sprites/DOOM/dungeon_tiles_251.asset
  artifactKey: Guid(a241029fdb88a3f40b053ec990be7f51) Importer(815301076,1909f56bfc062723c751e8b465ee728b)
Start importing Assets/Sprites/DOOM/dungeon_tiles_251.asset using Guid(a241029fdb88a3f40b053ec990be7f51) Importer(815301076,1909f56bfc062723c751e8b465ee728b)  -> (artifact id: 'd5d2af8ab19a0c0103a236a6ced61e77') in 0.015413 seconds 
========================================================================
Received Import Request.
  Time since last request: 0.000280 seconds.
  path: Assets/Sprites/DOOM/dungeon_tiles_249.asset
  artifactKey: Guid(44d4bdc386ec9634a8f6259958c680af) Importer(815301076,1909f56bfc062723c751e8b465ee728b)
Start importing Assets/Sprites/DOOM/dungeon_tiles_249.asset using Guid(44d4bdc386ec9634a8f6259958c680af) Importer(815301076,1909f56bfc062723c751e8b465ee728b)  -> (artifact id: '81b412398ffeb6e66a4e5c8b7b1acb39') in 0.015475 seconds 
========================================================================
Received Import Request.
  Time since last request: 0.000242 seconds.
  path: Assets/Sprites/DOOM/dungeon_tiles_245.asset
  artifactKey: Guid(1260398b90870ad46b200fc4e28c642d) Importer(815301076,1909f56bfc062723c751e8b465ee728b)
Start importing Assets/Sprites/DOOM/dungeon_tiles_245.asset using Guid(1260398b90870ad46b200fc4e28c642d) Importer(815301076,1909f56bfc062723c751e8b465ee728b)  -> (artifact id: 'a42a1e7d06f173bcc682987843a9d605') in 0.015539 seconds 
========================================================================
Received Import Request.
  Time since last request: 0.000222 seconds.
  path: Assets/Sprites/DOOM/dungeon_tiles_237.asset
  artifactKey: Guid(0a3b77b519d604b4fa62a88cd2e36510) Importer(815301076,1909f56bfc062723c751e8b465ee728b)
Start importing Assets/Sprites/DOOM/dungeon_tiles_237.asset using Guid(0a3b77b519d604b4fa62a88cd2e36510) Importer(815301076,1909f56bfc062723c751e8b465ee728b)  -> (artifact id: 'e8c31a7f9a2dc4aa8f4469303c6194f7') in 0.017103 seconds 
========================================================================
Received Import Request.
  Time since last request: 0.000265 seconds.
  path: Assets/Sprites/DOOM/dungeon_tiles_261.asset
  artifactKey: Guid(9edd16a4c88c4754683ae6c20bc1183f) Importer(815301076,1909f56bfc062723c751e8b465ee728b)
Start importing Assets/Sprites/DOOM/dungeon_tiles_261.asset using Guid(9edd16a4c88c4754683ae6c20bc1183f) Importer(815301076,1909f56bfc062723c751e8b465ee728b)  -> (artifact id: '21cd92746bed6f6872d5e0e6b7f5e668') in 0.015371 seconds 
========================================================================
Received Import Request.
  Time since last request: 0.000323 seconds.
  path: Assets/Sprites/DOOM/dungeon_tiles_248.asset
  artifactKey: Guid(37b7d84835fb7614fb230d371e8825d4) Importer(815301076,1909f56bfc062723c751e8b465ee728b)
Start importing Assets/Sprites/DOOM/dungeon_tiles_248.asset using Guid(37b7d84835fb7614fb230d371e8825d4) Importer(815301076,1909f56bfc062723c751e8b465ee728b)  -> (artifact id: 'e3631fcad6b1daa54bea0df04844da94') in 0.014900 seconds 
========================================================================
Received Import Request.
  Time since last request: 0.000278 seconds.
  path: Assets/Sprites/DOOM/dungeon_tiles_239.asset
  artifactKey: Guid(00dfa29f104eb964098aec80dd5f94b5) Importer(815301076,1909f56bfc062723c751e8b465ee728b)
Start importing Assets/Sprites/DOOM/dungeon_tiles_239.asset using Guid(00dfa29f104eb964098aec80dd5f94b5) Importer(815301076,1909f56bfc062723c751e8b465ee728b)  -> (artifact id: 'a515ad71d0ce12bfabc970c9a48eab26') in 0.015659 seconds 
========================================================================
Received Import Request.
  Time since last request: 0.000265 seconds.
  path: Assets/Sprites/DOOM/dungeon_tiles_223.asset
  artifactKey: Guid(385f4eff646ca37418052a11f862ce37) Importer(815301076,1909f56bfc062723c751e8b465ee728b)
Start importing Assets/Sprites/DOOM/dungeon_tiles_223.asset using Guid(385f4eff646ca37418052a11f862ce37) Importer(815301076,1909f56bfc062723c751e8b465ee728b)  -> (artifact id: 'eac535a258cdc3b62cb7278769593769') in 0.017525 seconds 
========================================================================
Received Import Request.
  Time since last request: 0.000427 seconds.
  path: Assets/Sprites/DOOM/dungeon_tiles_233.asset
  artifactKey: Guid(f4e34dd1e9a7c78418f311d3a1060ee8) Importer(815301076,1909f56bfc062723c751e8b465ee728b)
Start importing Assets/Sprites/DOOM/dungeon_tiles_233.asset using Guid(f4e34dd1e9a7c78418f311d3a1060ee8) Importer(815301076,1909f56bfc062723c751e8b465ee728b)  -> (artifact id: '85951bddd5109fa83ab0a323a60c9d0d') in 0.025577 seconds 
========================================================================
Received Import Request.
  Time since last request: 0.000308 seconds.
  path: Assets/Sprites/DOOM/dungeon_tiles_264.asset
  artifactKey: Guid(c879ddb14577e5e4b8fe69fcbe5c0235) Importer(815301076,1909f56bfc062723c751e8b465ee728b)
Start importing Assets/Sprites/DOOM/dungeon_tiles_264.asset using Guid(c879ddb14577e5e4b8fe69fcbe5c0235) Importer(815301076,1909f56bfc062723c751e8b465ee728b)  -> (artifact id: '9b185d9b04ca394fb4229de5f6b5d4f4') in 0.016753 seconds 
========================================================================
Received Import Request.
  Time since last request: 0.000282 seconds.
  path: Assets/Sprites/DOOM/dungeon_tiles_229.asset
  artifactKey: Guid(5aa01b73fd57a3e44aa0c028526262ae) Importer(815301076,1909f56bfc062723c751e8b465ee728b)
Start importing Assets/Sprites/DOOM/dungeon_tiles_229.asset using Guid(5aa01b73fd57a3e44aa0c028526262ae) Importer(815301076,1909f56bfc062723c751e8b465ee728b)  -> (artifact id: '7b25dbf18d42ce479bdcb4f6ca5b439f') in 0.016921 seconds 
========================================================================
Received Import Request.
  Time since last request: 0.000322 seconds.
  path: Assets/Sprites/DOOM/dungeon_tiles_221.asset
  artifactKey: Guid(0c61b9bb7901db64aa2f5943355bf5fd) Importer(815301076,1909f56bfc062723c751e8b465ee728b)
Start importing Assets/Sprites/DOOM/dungeon_tiles_221.asset using Guid(0c61b9bb7901db64aa2f5943355bf5fd) Importer(815301076,1909f56bfc062723c751e8b465ee728b)  -> (artifact id: '1aeac44dd0d04ca5eaff43f12f37af07') in 0.016741 seconds 
========================================================================
Received Import Request.
  Time since last request: 0.000295 seconds.
  path: Assets/Sprites/DOOM/dungeon_tiles_230.asset
  artifactKey: Guid(b90b041f1fb505948bb42502b6d98f6d) Importer(815301076,1909f56bfc062723c751e8b465ee728b)
Start importing Assets/Sprites/DOOM/dungeon_tiles_230.asset using Guid(b90b041f1fb505948bb42502b6d98f6d) Importer(815301076,1909f56bfc062723c751e8b465ee728b)  -> (artifact id: 'ac9fa396ac3b090980d7bc2c6a3649e5') in 0.017663 seconds 
========================================================================
Received Import Request.
  Time since last request: 0.000250 seconds.
  path: Assets/Sprites/DOOM/dungeon_tiles_240.asset
  artifactKey: Guid(e6aa9b08e8c78a443af646026225d1e1) Importer(815301076,1909f56bfc062723c751e8b465ee728b)
Start importing Assets/Sprites/DOOM/dungeon_tiles_240.asset using Guid(e6aa9b08e8c78a443af646026225d1e1) Importer(815301076,1909f56bfc062723c751e8b465ee728b)  -> (artifact id: '81f9aed0ae5891a244373b11bbd438f2') in 0.019833 seconds 
========================================================================
Received Import Request.
  Time since last request: 0.000271 seconds.
  path: Assets/Sprites/DOOM/dungeon_tiles_246.asset
  artifactKey: Guid(78fef26e13b78cc4f833dc84f182e8cc) Importer(815301076,1909f56bfc062723c751e8b465ee728b)
Start importing Assets/Sprites/DOOM/dungeon_tiles_246.asset using Guid(78fef26e13b78cc4f833dc84f182e8cc) Importer(815301076,1909f56bfc062723c751e8b465ee728b)  -> (artifact id: '3cdf5142d5847344443140590a5d7992') in 0.016543 seconds 
========================================================================
Received Import Request.
  Time since last request: 0.000419 seconds.
  path: Assets/Sprites/DOOM/dungeon_tiles_222.asset
  artifactKey: Guid(86fbc55ea4b7ff44e9b826468a42b625) Importer(815301076,1909f56bfc062723c751e8b465ee728b)
Start importing Assets/Sprites/DOOM/dungeon_tiles_222.asset using Guid(86fbc55ea4b7ff44e9b826468a42b625) Importer(815301076,1909f56bfc062723c751e8b465ee728b)  -> (artifact id: '82895226d6f622b1e711b1c4a63b95ad') in 0.016192 seconds 
========================================================================
Received Import Request.
  Time since last request: 0.000364 seconds.
  path: Assets/Sprites/DOOM/dungeon_tiles_256.asset
  artifactKey: Guid(3aab88898e310f8488642ecbb1cfcfbb) Importer(815301076,1909f56bfc062723c751e8b465ee728b)
Start importing Assets/Sprites/DOOM/dungeon_tiles_256.asset using Guid(3aab88898e310f8488642ecbb1cfcfbb) Importer(815301076,1909f56bfc062723c751e8b465ee728b)  -> (artifact id: '9f56cac8be7f81adb4da83d8f06c2b37') in 0.020517 seconds 
========================================================================
Received Import Request.
  Time since last request: 0.000333 seconds.
  path: Assets/Sprites/DOOM/dungeon_tiles_241.asset
  artifactKey: Guid(84dd6243780294645b5b0ea68f96c76a) Importer(815301076,1909f56bfc062723c751e8b465ee728b)
Start importing Assets/Sprites/DOOM/dungeon_tiles_241.asset using Guid(84dd6243780294645b5b0ea68f96c76a) Importer(815301076,1909f56bfc062723c751e8b465ee728b)  -> (artifact id: 'cfae8a94d3732261e1cda2026434d433') in 0.018032 seconds 
AssetImportWorkerClient::OnTransportError - code=2 error=End of file
